/home/runner/work/X509/X509/input/X509.xml:230:13: error: element "usecases" not allowed anywhere; expected the element end-tag, text, element "_", "assignable", "choice", "comment", "componentsneeded", "ctr", "depends", "endnote", "equation", "figure", "implements", "no-link", "provides", "refinement", "requires", "rule", "section", "selectables", "snip", "testlist" or "xref" or an element from another namespace
/home/runner/work/X509/X509/input/X509.xml:234:19: error: element "usecases" not allowed anywhere; expected the element end-tag, text, element "_", "assignable", "choice", "comment", "componentsneeded", "ctr", "depends", "endnote", "equation", "figure", "implements", "no-link", "provides", "refinement", "requires", "rule", "section", "selectables", "snip", "testlist" or "xref" or an element from another namespace
/home/runner/work/X509/X509/input/X509.xml:239:19: error: element "usecases" not allowed anywhere; expected the element end-tag, text, element "_", "assignable", "choice", "comment", "componentsneeded", "ctr", "depends", "endnote", "equation", "figure", "implements", "no-link", "provides", "refinement", "requires", "rule", "section", "selectables", "snip", "testlist" or "xref" or an element from another namespace
/home/runner/work/X509/X509/input/X509.xml:244:19: error: element "usecases" not allowed anywhere; expected the element end-tag, text, element "_", "assignable", "choice", "comment", "componentsneeded", "ctr", "depends", "endnote", "equation", "figure", "implements", "no-link", "provides", "refinement", "requires", "rule", "section", "selectables", "snip", "testlist" or "xref" or an element from another namespace
/home/runner/work/X509/X509/input/X509.xml:620:113: error: value of attribute "status" is invalid; must be equal to "feat-based", "objective", "optional" or "sel-based"
